# JRE version: OpenJDK Runtime Environment (17.0.9) (build 17.0.9+0--11185874)
# Java VM: OpenJDK 64-Bit Server VM (17.0.9+0--11185874, mixed mode, tiered, compressed oops, compressed class ptrs, g1 gc, windows-amd64)
GC Precious Log:
 CPUs: 8 total, 8 available
 Memory: 16281M
 Large Page Support: Disabled
 NUMA Support: Disabled
 Compressed Oops: Enabled (Zero based)
 Heap Region Size: 2M
 Heap Min Capacity: 8M
 Heap Initial Capacity: 256M
 Heap Max Capacity: 4G
 Pre-touch: Disabled
 Parallel Workers: 8
 Concurrent Workers: 2
 Concurrent Refinement Workers: 8
 Periodic GC: Disabled
Heap:
 garbage-first heap   total 792576K, used 595706K [0x0000000700000000, 0x0000000800000000)
  region size 2048K, 116 young (237568K), 10 survivors (20480K)
 Metaspace       used 150823K, committed 151936K, reserved 1179648K
  class space    used 21071K, committed 21568K, reserved 1048576K
GC Heap History (20 events):
Event: 35.812 GC heap before
{Heap before GC invocations=69 (full 0):
 garbage-first heap   total 489472K, used 414636K [0x0000000700000000, 0x0000000800000000)
  region size 2048K, 48 young (98304K), 4 survivors (8192K)
 Metaspace       used 144007K, committed 145152K, reserved 1179648K
  class space    used 20263K, committed 20800K, reserved 1048576K
}
Event: 35.819 GC heap after
{Heap after GC invocations=70 (full 0):
 garbage-first heap   total 489472K, used 328736K [0x0000000700000000, 0x0000000800000000)
  region size 2048K, 5 young (10240K), 5 survivors (10240K)
 Metaspace       used 144007K, committed 145152K, reserved 1179648K
  class space    used 20263K, committed 20800K, reserved 1048576K
}
Event: 36.039 GC heap before
{Heap before GC invocations=70 (full 0):
 garbage-first heap   total 489472K, used 418848K [0x0000000700000000, 0x0000000800000000)
  region size 2048K, 49 young (100352K), 5 survivors (10240K)
 Metaspace       used 144026K, committed 145152K, reserved 1179648K
  class space    used 20269K, committed 20800K, reserved 1048576K
}
Event: 36.048 GC heap after
{Heap after GC invocations=71 (full 0):
 garbage-first heap   total 659456K, used 330951K [0x0000000700000000, 0x0000000800000000)
  region size 2048K, 4 young (8192K), 4 survivors (8192K)
 Metaspace       used 144026K, committed 145152K, reserved 1179648K
  class space    used 20269K, committed 20800K, reserved 1048576K
}
Event: 36.958 GC heap before
{Heap before GC invocations=71 (full 0):
 garbage-first heap   total 659456K, used 541895K [0x0000000700000000, 0x0000000800000000)
  region size 2048K, 107 young (219136K), 4 survivors (8192K)
 Metaspace       used 146674K, committed 147840K, reserved 1179648K
  class space    used 20617K, committed 21120K, reserved 1048576K
}
Event: 36.971 GC heap after
{Heap after GC invocations=72 (full 0):
 garbage-first heap   total 659456K, used 337622K [0x0000000700000000, 0x0000000800000000)
  region size 2048K, 7 young (14336K), 7 survivors (14336K)
 Metaspace       used 146674K, committed 147840K, reserved 1179648K
  class space    used 20617K, committed 21120K, reserved 1048576K
}
Event: 37.587 GC heap before
{Heap before GC invocations=72 (full 0):
 garbage-first heap   total 659456K, used 550614K [0x0000000700000000, 0x0000000800000000)
  region size 2048K, 111 young (227328K), 7 survivors (14336K)
 Metaspace       used 149412K, committed 150592K, reserved 1179648K
  class space    used 21002K, committed 21504K, reserved 1048576K
}
Event: 37.606 GC heap after
{Heap after GC invocations=73 (full 0):
 garbage-first heap   total 659456K, used 348706K [0x0000000700000000, 0x0000000800000000)
  region size 2048K, 13 young (26624K), 13 survivors (26624K)
 Metaspace       used 149412K, committed 150592K, reserved 1179648K
  class space    used 21002K, committed 21504K, reserved 1048576K
}
Event: 37.985 GC heap before
{Heap before GC invocations=73 (full 0):
 garbage-first heap   total 659456K, used 551458K [0x0000000700000000, 0x0000000800000000)
  region size 2048K, 112 young (229376K), 13 survivors (26624K)
 Metaspace       used 150010K, committed 151168K, reserved 1179648K
  class space    used 21035K, committed 21568K, reserved 1048576K
}
Event: 38.003 GC heap after
{Heap after GC invocations=74 (full 0):
 garbage-first heap   total 659456K, used 364625K [0x0000000700000000, 0x0000000800000000)
  region size 2048K, 14 young (28672K), 14 survivors (28672K)
 Metaspace       used 150010K, committed 151168K, reserved 1179648K
  class space    used 21035K, committed 21568K, reserved 1048576K
}
Event: 38.542 GC heap before
{Heap before GC invocations=74 (full 0):
 garbage-first heap   total 659456K, used 550993K [0x0000000700000000, 0x0000000800000000)
  region size 2048K, 105 young (215040K), 14 survivors (28672K)
 Metaspace       used 150329K, committed 151488K, reserved 1179648K
  class space    used 21049K, committed 21568K, reserved 1048576K
}
Event: 38.558 GC heap after
{Heap after GC invocations=75 (full 0):
 garbage-first heap   total 659456K, used 369132K [0x0000000700000000, 0x0000000800000000)
  region size 2048K, 4 young (8192K), 4 survivors (8192K)
 Metaspace       used 150329K, committed 151488K, reserved 1179648K
  class space    used 21049K, committed 21568K, reserved 1048576K
}
Event: 39.098 GC heap before
{Heap before GC invocations=75 (full 0):
 garbage-first heap   total 659456K, used 553452K [0x0000000700000000, 0x0000000800000000)
  region size 2048K, 95 young (194560K), 4 survivors (8192K)
 Metaspace       used 150591K, committed 151744K, reserved 1179648K
  class space    used 21060K, committed 21568K, reserved 1048576K
}
Event: 39.108 GC heap after
{Heap after GC invocations=76 (full 0):
 garbage-first heap   total 792576K, used 371171K [0x0000000700000000, 0x0000000800000000)
  region size 2048K, 5 young (10240K), 5 survivors (10240K)
 Metaspace       used 150591K, committed 151744K, reserved 1179648K
  class space    used 21060K, committed 21568K, reserved 1048576K
}
Event: 40.384 GC heap before
{Heap before GC invocations=76 (full 0):
 garbage-first heap   total 792576K, used 674275K [0x0000000700000000, 0x0000000800000000)
  region size 2048K, 153 young (313344K), 5 survivors (10240K)
 Metaspace       used 150694K, committed 151808K, reserved 1179648K
  class space    used 21064K, committed 21568K, reserved 1048576K
}
Event: 40.397 GC heap after
{Heap after GC invocations=77 (full 0):
 garbage-first heap   total 792576K, used 374819K [0x0000000700000000, 0x0000000800000000)
  region size 2048K, 7 young (14336K), 7 survivors (14336K)
 Metaspace       used 150694K, committed 151808K, reserved 1179648K
  class space    used 21064K, committed 21568K, reserved 1048576K
}
Event: 41.293 GC heap before
{Heap before GC invocations=77 (full 0):
 garbage-first heap   total 792576K, used 677923K [0x0000000700000000, 0x0000000800000000)
  region size 2048K, 155 young (317440K), 7 survivors (14336K)
 Metaspace       used 150777K, committed 151936K, reserved 1179648K
  class space    used 21067K, committed 21568K, reserved 1048576K
}
Event: 41.303 GC heap after
{Heap after GC invocations=78 (full 0):
 garbage-first heap   total 792576K, used 377824K [0x0000000700000000, 0x0000000800000000)
  region size 2048K, 9 young (18432K), 9 survivors (18432K)
 Metaspace       used 150777K, committed 151936K, reserved 1179648K
  class space    used 21067K, committed 21568K, reserved 1048576K
}
Event: 42.253 GC heap before
{Heap before GC invocations=78 (full 0):
 garbage-first heap   total 792576K, used 680928K [0x0000000700000000, 0x0000000800000000)
  region size 2048K, 157 young (321536K), 9 survivors (18432K)
 Metaspace       used 150811K, committed 151936K, reserved 1179648K
  class space    used 21071K, committed 21568K, reserved 1048576K
}
Event: 42.265 GC heap after
{Heap after GC invocations=79 (full 0):
 garbage-first heap   total 792576K, used 380666K [0x0000000700000000, 0x0000000800000000)
  region size 2048K, 10 young (20480K), 10 survivors (20480K)
 Metaspace       used 150811K, committed 151936K, reserved 1179648K
  class space    used 21071K, committed 21568K, reserved 1048576K
}

