# JRE version: OpenJDK Runtime Environment (17.0.9) (build 17.0.9+0--11185874)
# Java VM: OpenJDK 64-Bit Server VM (17.0.9+0--11185874, mixed mode, tiered, compressed oops, compressed class ptrs, g1 gc, windows-amd64)
GC Precious Log:
 CPUs: 8 total, 8 available
 Memory: 16281M
 Large Page Support: Disabled
 NUMA Support: Disabled
 Compressed Oops: Enabled (Zero based)
 Heap Region Size: 2M
 Heap Min Capacity: 8M
 Heap Initial Capacity: 256M
 Heap Max Capacity: 4G
 Pre-touch: Disabled
 Parallel Workers: 8
 Concurrent Workers: 2
 Concurrent Refinement Workers: 8
 Periodic GC: Disabled
Heap:
 garbage-first heap   total 485376K, used 188211K [0x0000000700000000, 0x0000000800000000)
  region size 2048K, 7 young (14336K), 2 survivors (4096K)
 Metaspace       used 121392K, committed 122496K, reserved 1179648K
  class space    used 16727K, committed 17216K, reserved 1048576K
GC Heap History (20 events):
Event: 27.885 GC heap before
{Heap before GC invocations=51 (full 0):
 garbage-first heap   total 243712K, used 202639K [0x0000000700000000, 0x0000000800000000)
  region size 2048K, 27 young (55296K), 4 survivors (8192K)
 Metaspace       used 117362K, committed 118464K, reserved 1179648K
  class space    used 16218K, committed 16704K, reserved 1048576K
}
Event: 27.890 GC heap after
{Heap after GC invocations=52 (full 0):
 garbage-first heap   total 243712K, used 160653K [0x0000000700000000, 0x0000000800000000)
  region size 2048K, 3 young (6144K), 3 survivors (6144K)
 Metaspace       used 117362K, committed 118464K, reserved 1179648K
  class space    used 16218K, committed 16704K, reserved 1048576K
}
Event: 28.155 GC heap before
{Heap before GC invocations=52 (full 0):
 garbage-first heap   total 243712K, used 185229K [0x0000000700000000, 0x0000000800000000)
  region size 2048K, 16 young (32768K), 3 survivors (6144K)
 Metaspace       used 117668K, committed 118784K, reserved 1179648K
  class space    used 16251K, committed 16704K, reserved 1048576K
}
Event: 28.161 GC heap after
{Heap after GC invocations=53 (full 0):
 garbage-first heap   total 243712K, used 162647K [0x0000000700000000, 0x0000000800000000)
  region size 2048K, 3 young (6144K), 3 survivors (6144K)
 Metaspace       used 117668K, committed 118784K, reserved 1179648K
  class space    used 16251K, committed 16704K, reserved 1048576K
}
Event: 28.262 GC heap before
{Heap before GC invocations=53 (full 0):
 garbage-first heap   total 243712K, used 226135K [0x0000000700000000, 0x0000000800000000)
  region size 2048K, 9 young (18432K), 3 survivors (6144K)
 Metaspace       used 117734K, committed 118848K, reserved 1179648K
  class space    used 16253K, committed 16704K, reserved 1048576K
}
Event: 28.265 GC heap after
{Heap after GC invocations=54 (full 0):
 garbage-first heap   total 243712K, used 216497K [0x0000000700000000, 0x0000000800000000)
  region size 2048K, 2 young (4096K), 2 survivors (4096K)
 Metaspace       used 117734K, committed 118848K, reserved 1179648K
  class space    used 16253K, committed 16704K, reserved 1048576K
}
Event: 28.362 GC heap before
{Heap before GC invocations=54 (full 0):
 garbage-first heap   total 284672K, used 275889K [0x0000000700000000, 0x0000000800000000)
  region size 2048K, 6 young (12288K), 2 survivors (4096K)
 Metaspace       used 117761K, committed 118848K, reserved 1179648K
  class space    used 16255K, committed 16704K, reserved 1048576K
}
Event: 28.365 GC heap after
{Heap after GC invocations=55 (full 0):
 garbage-first heap   total 342016K, used 270148K [0x0000000700000000, 0x0000000800000000)
  region size 2048K, 1 young (2048K), 1 survivors (2048K)
 Metaspace       used 117761K, committed 118848K, reserved 1179648K
  class space    used 16255K, committed 16704K, reserved 1048576K
}
Event: 28.743 GC heap before
{Heap before GC invocations=56 (full 0):
 garbage-first heap   total 464896K, used 290628K [0x0000000700000000, 0x0000000800000000)
  region size 2048K, 12 young (24576K), 1 survivors (2048K)
 Metaspace       used 117862K, committed 118912K, reserved 1179648K
  class space    used 16266K, committed 16704K, reserved 1048576K
}
Event: 28.745 GC heap after
{Heap after GC invocations=57 (full 0):
 garbage-first heap   total 464896K, used 271230K [0x0000000700000000, 0x0000000800000000)
  region size 2048K, 2 young (4096K), 2 survivors (4096K)
 Metaspace       used 117862K, committed 118912K, reserved 1179648K
  class space    used 16266K, committed 16704K, reserved 1048576K
}
Event: 29.275 GC heap before
{Heap before GC invocations=57 (full 0):
 garbage-first heap   total 464896K, used 289662K [0x0000000700000000, 0x0000000800000000)
  region size 2048K, 11 young (22528K), 2 survivors (4096K)
 Metaspace       used 118015K, committed 119104K, reserved 1179648K
  class space    used 16283K, committed 16768K, reserved 1048576K
}
Event: 29.279 GC heap after
{Heap after GC invocations=58 (full 0):
 garbage-first heap   total 464896K, used 218435K [0x0000000700000000, 0x0000000800000000)
  region size 2048K, 2 young (4096K), 2 survivors (4096K)
 Metaspace       used 118015K, committed 119104K, reserved 1179648K
  class space    used 16283K, committed 16768K, reserved 1048576K
}
Event: 30.298 GC heap before
{Heap before GC invocations=58 (full 0):
 garbage-first heap   total 464896K, used 398659K [0x0000000700000000, 0x0000000800000000)
  region size 2048K, 32 young (65536K), 2 survivors (4096K)
 Metaspace       used 119999K, committed 121152K, reserved 1179648K
  class space    used 16565K, committed 17088K, reserved 1048576K
}
Event: 30.302 GC heap after
{Heap after GC invocations=59 (full 0):
 garbage-first heap   total 464896K, used 244083K [0x0000000700000000, 0x0000000800000000)
  region size 2048K, 3 young (6144K), 3 survivors (6144K)
 Metaspace       used 119999K, committed 121152K, reserved 1179648K
  class space    used 16565K, committed 17088K, reserved 1048576K
}
Event: 30.308 GC heap before
{Heap before GC invocations=59 (full 0):
 garbage-first heap   total 464896K, used 250227K [0x0000000700000000, 0x0000000800000000)
  region size 2048K, 4 young (8192K), 3 survivors (6144K)
 Metaspace       used 119999K, committed 121152K, reserved 1179648K
  class space    used 16565K, committed 17088K, reserved 1048576K
}
Event: 30.311 GC heap after
{Heap after GC invocations=60 (full 0):
 garbage-first heap   total 464896K, used 244259K [0x0000000700000000, 0x0000000800000000)
  region size 2048K, 4 young (8192K), 4 survivors (8192K)
 Metaspace       used 119999K, committed 121152K, reserved 1179648K
  class space    used 16565K, committed 17088K, reserved 1048576K
}
Event: 1080.207 GC heap before
{Heap before GC invocations=61 (full 0):
 garbage-first heap   total 485376K, used 428579K [0x0000000700000000, 0x0000000800000000)
  region size 2048K, 76 young (155648K), 4 survivors (8192K)
 Metaspace       used 121351K, committed 122496K, reserved 1179648K
  class space    used 16726K, committed 17216K, reserved 1048576K
}
Event: 1080.220 GC heap after
{Heap after GC invocations=62 (full 0):
 garbage-first heap   total 485376K, used 179012K [0x0000000700000000, 0x0000000800000000)
  region size 2048K, 9 young (18432K), 9 survivors (18432K)
 Metaspace       used 121351K, committed 122496K, reserved 1179648K
  class space    used 16726K, committed 17216K, reserved 1048576K
}
Event: 1080.298 GC heap before
{Heap before GC invocations=62 (full 0):
 garbage-first heap   total 485376K, used 183108K [0x0000000700000000, 0x0000000800000000)
  region size 2048K, 11 young (22528K), 9 survivors (18432K)
 Metaspace       used 121351K, committed 122496K, reserved 1179648K
  class space    used 16726K, committed 17216K, reserved 1048576K
}
Event: 1080.311 GC heap after
{Heap after GC invocations=63 (full 0):
 garbage-first heap   total 485376K, used 180019K [0x0000000700000000, 0x0000000800000000)
  region size 2048K, 2 young (4096K), 2 survivors (4096K)
 Metaspace       used 121351K, committed 122496K, reserved 1179648K
  class space    used 16726K, committed 17216K, reserved 1048576K
}

