# JRE version: OpenJDK Runtime Environment (17.0.9) (build 17.0.9+0--11185874)
# Java VM: OpenJDK 64-Bit Server VM (17.0.9+0--11185874, mixed mode, tiered, compressed oops, compressed class ptrs, g1 gc, windows-amd64)
GC Precious Log:
 CPUs: 8 total, 8 available
 Memory: 16281M
 Large Page Support: Disabled
 NUMA Support: Disabled
 Compressed Oops: Enabled (Zero based)
 Heap Region Size: 2M
 Heap Min Capacity: 8M
 Heap Initial Capacity: 256M
 Heap Max Capacity: 4G
 Pre-touch: Disabled
 Parallel Workers: 8
 Concurrent Workers: 2
 Concurrent Refinement Workers: 8
 Periodic GC: Disabled
Heap:
 garbage-first heap   total 557056K, used 256298K [0x0000000700000000, 0x0000000800000000)
  region size 2048K, 7 young (14336K), 7 survivors (14336K)
 Metaspace       used 137945K, committed 139200K, reserved 1179648K
  class space    used 19531K, committed 20096K, reserved 1048576K
GC Heap History (20 events):
Event: 87.519 GC heap after
{Heap after GC invocations=74 (full 0):
 garbage-first heap   total 321536K, used 206818K [0x0000000700000000, 0x0000000800000000)
  region size 2048K, 1 young (2048K), 1 survivors (2048K)
 Metaspace       used 115106K, committed 116224K, reserved 1179648K
  class space    used 15967K, committed 16448K, reserved 1048576K
}
Event: 87.537 GC heap before
{Heap before GC invocations=74 (full 0):
 garbage-first heap   total 321536K, used 206818K [0x0000000700000000, 0x0000000800000000)
  region size 2048K, 2 young (4096K), 1 survivors (2048K)
 Metaspace       used 115158K, committed 116352K, reserved 1179648K
  class space    used 15979K, committed 16512K, reserved 1048576K
}
Event: 87.540 GC heap after
{Heap after GC invocations=75 (full 0):
 garbage-first heap   total 321536K, used 206042K [0x0000000700000000, 0x0000000800000000)
  region size 2048K, 1 young (2048K), 1 survivors (2048K)
 Metaspace       used 115158K, committed 116352K, reserved 1179648K
  class space    used 15979K, committed 16512K, reserved 1048576K
}
Event: 88.139 GC heap before
{Heap before GC invocations=76 (full 0):
 garbage-first heap   total 454656K, used 333018K [0x0000000700000000, 0x0000000800000000)
  region size 2048K, 35 young (71680K), 1 survivors (2048K)
 Metaspace       used 116363K, committed 117504K, reserved 1179648K
  class space    used 16129K, committed 16640K, reserved 1048576K
}
Event: 88.147 GC heap after
{Heap after GC invocations=77 (full 0):
 garbage-first heap   total 454656K, used 264987K [0x0000000700000000, 0x0000000800000000)
  region size 2048K, 5 young (10240K), 5 survivors (10240K)
 Metaspace       used 116363K, committed 117504K, reserved 1179648K
  class space    used 16129K, committed 16640K, reserved 1048576K
}
Event: 88.188 GC heap before
{Heap before GC invocations=77 (full 0):
 garbage-first heap   total 454656K, used 275227K [0x0000000700000000, 0x0000000800000000)
  region size 2048K, 11 young (22528K), 5 survivors (10240K)
 Metaspace       used 116451K, committed 117568K, reserved 1179648K
  class space    used 16140K, committed 16640K, reserved 1048576K
}
Event: 88.195 GC heap after
{Heap after GC invocations=78 (full 0):
 garbage-first heap   total 557056K, used 265714K [0x0000000700000000, 0x0000000800000000)
  region size 2048K, 2 young (4096K), 2 survivors (4096K)
 Metaspace       used 116451K, committed 117568K, reserved 1179648K
  class space    used 16140K, committed 16640K, reserved 1048576K
}
Event: 89.709 GC heap before
{Heap before GC invocations=78 (full 0):
 garbage-first heap   total 557056K, used 458226K [0x0000000700000000, 0x0000000800000000)
  region size 2048K, 97 young (198656K), 2 survivors (4096K)
 Metaspace       used 126541K, committed 127616K, reserved 1179648K
  class space    used 17798K, committed 18304K, reserved 1048576K
}
Event: 89.724 GC heap after
{Heap after GC invocations=79 (full 0):
 garbage-first heap   total 557056K, used 290625K [0x0000000700000000, 0x0000000800000000)
  region size 2048K, 13 young (26624K), 13 survivors (26624K)
 Metaspace       used 126541K, committed 127616K, reserved 1179648K
  class space    used 17798K, committed 18304K, reserved 1048576K
}
Event: 90.523 GC heap before
{Heap before GC invocations=80 (full 0):
 garbage-first heap   total 557056K, used 401217K [0x0000000700000000, 0x0000000800000000)
  region size 2048K, 83 young (169984K), 13 survivors (26624K)
 Metaspace       used 131585K, committed 132864K, reserved 1179648K
  class space    used 18733K, committed 19328K, reserved 1048576K
}
Event: 90.540 GC heap after
{Heap after GC invocations=81 (full 0):
 garbage-first heap   total 557056K, used 210955K [0x0000000700000000, 0x0000000800000000)
  region size 2048K, 8 young (16384K), 8 survivors (16384K)
 Metaspace       used 131585K, committed 132864K, reserved 1179648K
  class space    used 18733K, committed 19328K, reserved 1048576K
}
Event: 90.568 GC heap before
{Heap before GC invocations=81 (full 0):
 garbage-first heap   total 557056K, used 219147K [0x0000000700000000, 0x0000000800000000)
  region size 2048K, 13 young (26624K), 8 survivors (16384K)
 Metaspace       used 131672K, committed 132928K, reserved 1179648K
  class space    used 18743K, committed 19328K, reserved 1048576K
}
Event: 90.579 GC heap after
{Heap after GC invocations=82 (full 0):
 garbage-first heap   total 557056K, used 213440K [0x0000000700000000, 0x0000000800000000)
  region size 2048K, 2 young (4096K), 2 survivors (4096K)
 Metaspace       used 131672K, committed 132928K, reserved 1179648K
  class space    used 18743K, committed 19328K, reserved 1048576K
}
Event: 91.330 GC heap before
{Heap before GC invocations=82 (full 0):
 garbage-first heap   total 557056K, used 414144K [0x0000000700000000, 0x0000000800000000)
  region size 2048K, 100 young (204800K), 2 survivors (4096K)
 Metaspace       used 134425K, committed 135680K, reserved 1179648K
  class space    used 19113K, committed 19712K, reserved 1048576K
}
Event: 91.344 GC heap after
{Heap after GC invocations=83 (full 0):
 garbage-first heap   total 557056K, used 219426K [0x0000000700000000, 0x0000000800000000)
  region size 2048K, 5 young (10240K), 5 survivors (10240K)
 Metaspace       used 134425K, committed 135680K, reserved 1179648K
  class space    used 19113K, committed 19712K, reserved 1048576K
}
Event: 92.060 GC heap before
{Heap before GC invocations=83 (full 0):
 garbage-first heap   total 557056K, used 438562K [0x0000000700000000, 0x0000000800000000)
  region size 2048K, 112 young (229376K), 5 survivors (10240K)
 Metaspace       used 136592K, committed 137856K, reserved 1179648K
  class space    used 19453K, committed 20032K, reserved 1048576K
}
Event: 92.070 GC heap after
{Heap after GC invocations=84 (full 0):
 garbage-first heap   total 557056K, used 228319K [0x0000000700000000, 0x0000000800000000)
  region size 2048K, 9 young (18432K), 9 survivors (18432K)
 Metaspace       used 136592K, committed 137856K, reserved 1179648K
  class space    used 19453K, committed 20032K, reserved 1048576K
}
Event: 92.745 GC heap before
{Heap before GC invocations=84 (full 0):
 garbage-first heap   total 557056K, used 447455K [0x0000000700000000, 0x0000000800000000)
  region size 2048K, 117 young (239616K), 9 survivors (18432K)
 Metaspace       used 137302K, committed 138496K, reserved 1179648K
  class space    used 19478K, committed 20032K, reserved 1048576K
}
Event: 92.761 GC heap after
{Heap after GC invocations=85 (full 0):
 garbage-first heap   total 557056K, used 245472K [0x0000000700000000, 0x0000000800000000)
  region size 2048K, 14 young (28672K), 14 survivors (28672K)
 Metaspace       used 137302K, committed 138496K, reserved 1179648K
  class space    used 19478K, committed 20032K, reserved 1048576K
}
Event: 93.230 GC heap before
{Heap before GC invocations=85 (full 0):
 garbage-first heap   total 557056K, used 448224K [0x0000000700000000, 0x0000000800000000)
  region size 2048K, 113 young (231424K), 14 survivors (28672K)
 Metaspace       used 137945K, committed 139200K, reserved 1179648K
  class space    used 19531K, committed 20096K, reserved 1048576K
}

