# JRE version: OpenJDK Runtime Environment (17.0.9) (build 17.0.9+0--11185874)
# Java VM: OpenJDK 64-Bit Server VM (17.0.9+0--11185874, mixed mode, tiered, compressed oops, compressed class ptrs, g1 gc, windows-amd64)
GC Precious Log:
 CPUs: 8 total, 8 available
 Memory: 16281M
 Large Page Support: Disabled
 NUMA Support: Disabled
 Compressed Oops: Enabled (Zero based)
 Heap Region Size: 2M
 Heap Min Capacity: 8M
 Heap Initial Capacity: 256M
 Heap Max Capacity: 4G
 Pre-touch: Disabled
 Parallel Workers: 8
 Concurrent Workers: 2
 Concurrent Refinement Workers: 8
 Periodic GC: Disabled
Heap:
 garbage-first heap   total 821248K, used 422760K [0x0000000700000000, 0x0000000800000000)
  region size 2048K, 124 young (253952K), 7 survivors (14336K)
 Metaspace       used 133797K, committed 135104K, reserved 1179648K
  class space    used 18196K, committed 18816K, reserved 1048576K
GC Heap History (20 events):
Event: 498.378 GC heap before
{Heap before GC invocations=72 (full 0):
 garbage-first heap   total 638976K, used 286849K [0x0000000700000000, 0x0000000800000000)
  region size 2048K, 13 young (26624K), 12 survivors (24576K)
 Metaspace       used 126285K, committed 127424K, reserved 1179648K
  class space    used 17296K, committed 17856K, reserved 1048576K
}
Event: 498.388 GC heap after
{Heap after GC invocations=73 (full 0):
 garbage-first heap   total 638976K, used 287105K [0x0000000700000000, 0x0000000800000000)
  region size 2048K, 12 young (24576K), 12 survivors (24576K)
 Metaspace       used 126285K, committed 127424K, reserved 1179648K
  class space    used 17296K, committed 17856K, reserved 1048576K
}
Event: 498.426 GC heap before
{Heap before GC invocations=73 (full 0):
 garbage-first heap   total 638976K, used 321921K [0x0000000700000000, 0x0000000800000000)
  region size 2048K, 13 young (26624K), 12 survivors (24576K)
 Metaspace       used 126285K, committed 127424K, reserved 1179648K
  class space    used 17296K, committed 17856K, reserved 1048576K
}
Event: 498.436 GC heap after
{Heap after GC invocations=74 (full 0):
 garbage-first heap   total 638976K, used 323000K [0x0000000700000000, 0x0000000800000000)
  region size 2048K, 5 young (10240K), 5 survivors (10240K)
 Metaspace       used 126285K, committed 127424K, reserved 1179648K
  class space    used 17296K, committed 17856K, reserved 1048576K
}
Event: 586.812 GC heap before
{Heap before GC invocations=75 (full 0):
 garbage-first heap   total 684032K, used 662968K [0x0000000700000000, 0x0000000800000000)
  region size 2048K, 55 young (112640K), 5 survivors (10240K)
 Metaspace       used 126509K, committed 127680K, reserved 1179648K
  class space    used 17311K, committed 17856K, reserved 1048576K
}
Event: 586.821 GC heap after
{Heap after GC invocations=76 (full 0):
 garbage-first heap   total 684032K, used 176017K [0x0000000700000000, 0x0000000800000000)
  region size 2048K, 7 young (14336K), 7 survivors (14336K)
 Metaspace       used 126509K, committed 127680K, reserved 1179648K
  class space    used 17311K, committed 17856K, reserved 1048576K
}
Event: 586.931 GC heap before
{Heap before GC invocations=76 (full 0):
 garbage-first heap   total 684032K, used 194449K [0x0000000700000000, 0x0000000800000000)
  region size 2048K, 16 young (32768K), 7 survivors (14336K)
 Metaspace       used 126572K, committed 127744K, reserved 1179648K
  class space    used 17321K, committed 17856K, reserved 1048576K
}
Event: 586.940 GC heap after
{Heap after GC invocations=77 (full 0):
 garbage-first heap   total 684032K, used 173229K [0x0000000700000000, 0x0000000800000000)
  region size 2048K, 2 young (4096K), 2 survivors (4096K)
 Metaspace       used 126572K, committed 127744K, reserved 1179648K
  class space    used 17321K, committed 17856K, reserved 1048576K
}
Event: 594.306 GC heap before
{Heap before GC invocations=77 (full 0):
 garbage-first heap   total 684032K, used 429229K [0x0000000700000000, 0x0000000800000000)
  region size 2048K, 68 young (139264K), 2 survivors (4096K)
 Metaspace       used 126947K, committed 128192K, reserved 1179648K
  class space    used 17347K, committed 17920K, reserved 1048576K
}
Event: 594.311 GC heap after
{Heap after GC invocations=78 (full 0):
 garbage-first heap   total 684032K, used 218945K [0x0000000700000000, 0x0000000800000000)
  region size 2048K, 4 young (8192K), 4 survivors (8192K)
 Metaspace       used 126947K, committed 128192K, reserved 1179648K
  class space    used 17347K, committed 17920K, reserved 1048576K
}
Event: 594.446 GC heap before
{Heap before GC invocations=78 (full 0):
 garbage-first heap   total 684032K, used 300865K [0x0000000700000000, 0x0000000800000000)
  region size 2048K, 5 young (10240K), 4 survivors (8192K)
 Metaspace       used 126949K, committed 128192K, reserved 1179648K
  class space    used 17347K, committed 17920K, reserved 1048576K
}
Event: 594.451 GC heap after
{Heap after GC invocations=79 (full 0):
 garbage-first heap   total 684032K, used 301366K [0x0000000700000000, 0x0000000800000000)
  region size 2048K, 4 young (8192K), 4 survivors (8192K)
 Metaspace       used 126949K, committed 128192K, reserved 1179648K
  class space    used 17347K, committed 17920K, reserved 1048576K
}
Event: 2780.091 GC heap before
{Heap before GC invocations=80 (full 0):
 garbage-first heap   total 684032K, used 657718K [0x0000000700000000, 0x0000000800000000)
  region size 2048K, 98 young (200704K), 4 survivors (8192K)
 Metaspace       used 130367K, committed 131712K, reserved 1179648K
  class space    used 17871K, committed 18496K, reserved 1048576K
}
Event: 2780.141 GC heap after
{Heap after GC invocations=81 (full 0):
 garbage-first heap   total 684032K, used 180339K [0x0000000700000000, 0x0000000800000000)
  region size 2048K, 8 young (16384K), 8 survivors (16384K)
 Metaspace       used 130367K, committed 131712K, reserved 1179648K
  class space    used 17871K, committed 18496K, reserved 1048576K
}
Event: 2780.417 GC heap before
{Heap before GC invocations=81 (full 0):
 garbage-first heap   total 684032K, used 196723K [0x0000000700000000, 0x0000000800000000)
  region size 2048K, 16 young (32768K), 8 survivors (16384K)
 Metaspace       used 130480K, committed 131840K, reserved 1179648K
  class space    used 17874K, committed 18496K, reserved 1048576K
}
Event: 2780.479 GC heap after
{Heap after GC invocations=82 (full 0):
 garbage-first heap   total 684032K, used 174826K [0x0000000700000000, 0x0000000800000000)
  region size 2048K, 2 young (4096K), 2 survivors (4096K)
 Metaspace       used 130480K, committed 131840K, reserved 1179648K
  class space    used 17874K, committed 18496K, reserved 1048576K
}
Event: 2792.801 GC heap before
{Heap before GC invocations=82 (full 0):
 garbage-first heap   total 684032K, used 578282K [0x0000000700000000, 0x0000000800000000)
  region size 2048K, 200 young (409600K), 2 survivors (4096K)
 Metaspace       used 133780K, committed 135104K, reserved 1179648K
  class space    used 18196K, committed 18816K, reserved 1048576K
}
Event: 2792.844 GC heap after
{Heap after GC invocations=83 (full 0):
 garbage-first heap   total 821248K, used 182075K [0x0000000700000000, 0x0000000800000000)
  region size 2048K, 5 young (10240K), 5 survivors (10240K)
 Metaspace       used 133780K, committed 135104K, reserved 1179648K
  class space    used 18196K, committed 18816K, reserved 1048576K
}
Event: 2793.842 GC heap before
{Heap before GC invocations=83 (full 0):
 garbage-first heap   total 821248K, used 661307K [0x0000000700000000, 0x0000000800000000)
  region size 2048K, 240 young (491520K), 5 survivors (10240K)
 Metaspace       used 133797K, committed 135104K, reserved 1179648K
  class space    used 18196K, committed 18816K, reserved 1048576K
}
Event: 2793.930 GC heap after
{Heap after GC invocations=84 (full 0):
 garbage-first heap   total 821248K, used 185192K [0x0000000700000000, 0x0000000800000000)
  region size 2048K, 7 young (14336K), 7 survivors (14336K)
 Metaspace       used 133797K, committed 135104K, reserved 1179648K
  class space    used 18196K, committed 18816K, reserved 1048576K
}

