# JRE version: OpenJDK Runtime Environment (17.0.9) (build 17.0.9+0--11185874)
# Java VM: OpenJDK 64-Bit Server VM (17.0.9+0--11185874, mixed mode, tiered, compressed oops, compressed class ptrs, g1 gc, windows-amd64)
GC Precious Log:
 CPUs: 8 total, 8 available
 Memory: 16281M
 Large Page Support: Disabled
 NUMA Support: Disabled
 Compressed Oops: Enabled (Zero based)
 Heap Region Size: 2M
 Heap Min Capacity: 8M
 Heap Initial Capacity: 256M
 Heap Max Capacity: 4G
 Pre-touch: Disabled
 Parallel Workers: 8
 Concurrent Workers: 2
 Concurrent Refinement Workers: 8
 Periodic GC: Disabled
Heap:
 garbage-first heap   total 659456K, used 287660K [0x0000000700000000, 0x0000000800000000)
  region size 2048K, 1 young (2048K), 1 survivors (2048K)
 Metaspace       used 174267K, committed 175872K, reserved 1245184K
  class space    used 23971K, committed 24704K, reserved 1048576K
GC Heap History (20 events):
Event: 83.151 GC heap after
{Heap after GC invocations=60 (full 0):
 garbage-first heap   total 552960K, used 307194K [0x0000000700000000, 0x0000000800000000)
  region size 2048K, 1 young (2048K), 1 survivors (2048K)
 Metaspace       used 168415K, committed 169984K, reserved 1245184K
  class space    used 23275K, committed 24000K, reserved 1048576K
}
Event: 83.823 GC heap before
{Heap before GC invocations=60 (full 0):
 garbage-first heap   total 552960K, used 452602K [0x0000000700000000, 0x0000000800000000)
  region size 2048K, 73 young (149504K), 1 survivors (2048K)
 Metaspace       used 170475K, committed 172032K, reserved 1245184K
  class space    used 23597K, committed 24320K, reserved 1048576K
}
Event: 83.831 GC heap after
{Heap after GC invocations=61 (full 0):
 garbage-first heap   total 552960K, used 311076K [0x0000000700000000, 0x0000000800000000)
  region size 2048K, 3 young (6144K), 3 survivors (6144K)
 Metaspace       used 170475K, committed 172032K, reserved 1245184K
  class space    used 23597K, committed 24320K, reserved 1048576K
}
Event: 84.474 GC heap before
{Heap before GC invocations=61 (full 0):
 garbage-first heap   total 552960K, used 458532K [0x0000000700000000, 0x0000000800000000)
  region size 2048K, 76 young (155648K), 3 survivors (6144K)
 Metaspace       used 172804K, committed 174400K, reserved 1245184K
  class space    used 23906K, committed 24640K, reserved 1048576K
}
Event: 84.485 GC heap after
{Heap after GC invocations=62 (full 0):
 garbage-first heap   total 552960K, used 323824K [0x0000000700000000, 0x0000000800000000)
  region size 2048K, 10 young (20480K), 10 survivors (20480K)
 Metaspace       used 172804K, committed 174400K, reserved 1245184K
  class space    used 23906K, committed 24640K, reserved 1048576K
}
Event: 85.076 GC heap before
{Heap before GC invocations=62 (full 0):
 garbage-first heap   total 552960K, used 461040K [0x0000000700000000, 0x0000000800000000)
  region size 2048K, 77 young (157696K), 10 survivors (20480K)
 Metaspace       used 173229K, committed 174784K, reserved 1245184K
  class space    used 23922K, committed 24640K, reserved 1048576K
}
Event: 85.092 GC heap after
{Heap after GC invocations=63 (full 0):
 garbage-first heap   total 552960K, used 330936K [0x0000000700000000, 0x0000000800000000)
  region size 2048K, 4 young (8192K), 4 survivors (8192K)
 Metaspace       used 173229K, committed 174784K, reserved 1245184K
  class space    used 23922K, committed 24640K, reserved 1048576K
}
Event: 85.786 GC heap before
{Heap before GC invocations=64 (full 0):
 garbage-first heap   total 552960K, used 412856K [0x0000000700000000, 0x0000000800000000)
  region size 2048K, 70 young (143360K), 4 survivors (8192K)
 Metaspace       used 173469K, committed 174976K, reserved 1245184K
  class space    used 23931K, committed 24640K, reserved 1048576K
}
Event: 85.795 GC heap after
{Heap after GC invocations=65 (full 0):
 garbage-first heap   total 552960K, used 279203K [0x0000000700000000, 0x0000000800000000)
  region size 2048K, 5 young (10240K), 5 survivors (10240K)
 Metaspace       used 173469K, committed 174976K, reserved 1245184K
  class space    used 23931K, committed 24640K, reserved 1048576K
}
Event: 85.865 GC heap before
{Heap before GC invocations=65 (full 0):
 garbage-first heap   total 552960K, used 295587K [0x0000000700000000, 0x0000000800000000)
  region size 2048K, 13 young (26624K), 5 survivors (10240K)
 Metaspace       used 173482K, committed 174976K, reserved 1245184K
  class space    used 23932K, committed 24640K, reserved 1048576K
}
Event: 85.877 GC heap after
{Heap after GC invocations=66 (full 0):
 garbage-first heap   total 552960K, used 275027K [0x0000000700000000, 0x0000000800000000)
  region size 2048K, 1 young (2048K), 1 survivors (2048K)
 Metaspace       used 173482K, committed 174976K, reserved 1245184K
  class space    used 23932K, committed 24640K, reserved 1048576K
}
Event: 86.356 GC heap before
{Heap before GC invocations=66 (full 0):
 garbage-first heap   total 552960K, used 459347K [0x0000000700000000, 0x0000000800000000)
  region size 2048K, 92 young (188416K), 1 survivors (2048K)
 Metaspace       used 173642K, committed 175168K, reserved 1245184K
  class space    used 23933K, committed 24640K, reserved 1048576K
}
Event: 86.366 GC heap after
{Heap after GC invocations=67 (full 0):
 garbage-first heap   total 552960K, used 285648K [0x0000000700000000, 0x0000000800000000)
  region size 2048K, 6 young (12288K), 6 survivors (12288K)
 Metaspace       used 173642K, committed 175168K, reserved 1245184K
  class space    used 23933K, committed 24640K, reserved 1048576K
}
Event: 86.929 GC heap before
{Heap before GC invocations=67 (full 0):
 garbage-first heap   total 552960K, used 461776K [0x0000000700000000, 0x0000000800000000)
  region size 2048K, 92 young (188416K), 6 survivors (12288K)
 Metaspace       used 173990K, committed 175488K, reserved 1245184K
  class space    used 23952K, committed 24640K, reserved 1048576K
}
Event: 86.938 GC heap after
{Heap after GC invocations=68 (full 0):
 garbage-first heap   total 552960K, used 287426K [0x0000000700000000, 0x0000000800000000)
  region size 2048K, 7 young (14336K), 7 survivors (14336K)
 Metaspace       used 173990K, committed 175488K, reserved 1245184K
  class space    used 23952K, committed 24640K, reserved 1048576K
}
Event: 87.333 GC heap before
{Heap before GC invocations=68 (full 0):
 garbage-first heap   total 552960K, used 465602K [0x0000000700000000, 0x0000000800000000)
  region size 2048K, 94 young (192512K), 7 survivors (14336K)
 Metaspace       used 174122K, committed 175744K, reserved 1245184K
  class space    used 23963K, committed 24704K, reserved 1048576K
}
Event: 87.348 GC heap after
{Heap after GC invocations=69 (full 0):
 garbage-first heap   total 552960K, used 296195K [0x0000000700000000, 0x0000000800000000)
  region size 2048K, 8 young (16384K), 8 survivors (16384K)
 Metaspace       used 174122K, committed 175744K, reserved 1245184K
  class space    used 23963K, committed 24704K, reserved 1048576K
}
Event: 87.840 GC heap before
{Heap before GC invocations=70 (full 0):
 garbage-first heap   total 659456K, used 453891K [0x0000000700000000, 0x0000000800000000)
  region size 2048K, 86 young (176128K), 8 survivors (16384K)
 Metaspace       used 174232K, committed 175808K, reserved 1245184K
  class space    used 23971K, committed 24704K, reserved 1048576K
}
Event: 87.851 GC heap after
{Heap after GC invocations=71 (full 0):
 garbage-first heap   total 659456K, used 298736K [0x0000000700000000, 0x0000000800000000)
  region size 2048K, 6 young (12288K), 6 survivors (12288K)
 Metaspace       used 174232K, committed 175808K, reserved 1245184K
  class space    used 23971K, committed 24704K, reserved 1048576K
}
Event: 87.898 GC heap before
{Heap before GC invocations=71 (full 0):
 garbage-first heap   total 659456K, used 319216K [0x0000000700000000, 0x0000000800000000)
  region size 2048K, 16 young (32768K), 6 survivors (12288K)
 Metaspace       used 174267K, committed 175872K, reserved 1245184K
  class space    used 23971K, committed 24704K, reserved 1048576K
}

